[1/15] timeout 60s dotnet tool run boogie boogies/Impl-JournalistImpl.i.dfy.b...pt:O:smt.delay_units=true && touch boogies/Impl-JournalistImpl.i.dfy.bpl.done
FAILED: boogies/Impl-JournalistImpl.i.dfy.bpl.done 
timeout 60s dotnet tool run boogie boogies/Impl-JournalistImpl.i.dfy.bpl /proverLog:pruned_new/@FILE@.@PROC@.smt2  /timeLimit:1 /prune /proverOpt:O:auto_config=false /proverOpt:O:type_check=true /proverOpt:O:smt.case_split=3 /proverOpt:O:smt.qi.eager_threshold=100 /proverOpt:O:smt.delay_units=true && touch boogies/Impl-JournalistImpl.i.dfy.bpl.done
boogies/Impl-JournalistImpl.i.dfy.bpl(10202,16): Verification of 'Impl$$JournalistImpl.Journalist.__ctor' timed out after 1 seconds
boogies/Impl-JournalistImpl.i.dfy.bpl(13695,5): Error: a precondition for this call could not be proved
boogies/Impl-JournalistImpl.i.dfy.bpl(55528,3): Related location: this is the precondition that could not be proved
Execution trace:
    boogies/Impl-JournalistImpl.i.dfy.bpl(13336,5): anon0
boogies/Impl-JournalistImpl.i.dfy.bpl(13746,5): Error: this assertion could not be proved
Execution trace:
    boogies/Impl-JournalistImpl.i.dfy.bpl(13336,5): anon0
boogies/Impl-JournalistImpl.i.dfy.bpl(13763,1): Error: a postcondition could not be proved on this return path
boogies/Impl-JournalistImpl.i.dfy.bpl(13287,3): Related location: this is the postcondition that could not be proved
Execution trace:
    boogies/Impl-JournalistImpl.i.dfy.bpl(13336,5): anon0
boogies/Impl-JournalistImpl.i.dfy.bpl(13763,1): Error: a postcondition could not be proved on this return path
boogies/Impl-JournalistImpl.i.dfy.bpl(13297,3): Related location: this is the postcondition that could not be proved
Execution trace:
    boogies/Impl-JournalistImpl.i.dfy.bpl(13336,5): anon0
boogies/Impl-JournalistImpl.i.dfy.bpl(14880,5): Error: this assertion could not be proved
Execution trace:
    boogies/Impl-JournalistImpl.i.dfy.bpl(14534,5): anon0
boogies/Impl-JournalistImpl.i.dfy.bpl(14913,5): Error: a precondition for this call could not be proved
boogies/Impl-JournalistImpl.i.dfy.bpl(55528,3): Related location: this is the precondition that could not be proved
Execution trace:
    boogies/Impl-JournalistImpl.i.dfy.bpl(14534,5): anon0
boogies/Impl-JournalistImpl.i.dfy.bpl(14913,5): Error: a precondition for this call could not be proved
boogies/Impl-JournalistImpl.i.dfy.bpl(55529,3): Related location: this is the precondition that could not be proved
Execution trace:
    boogies/Impl-JournalistImpl.i.dfy.bpl(14534,5): anon0
boogies/Impl-JournalistImpl.i.dfy.bpl(14951,5): Error: this assertion could not be proved
Execution trace:
    boogies/Impl-JournalistImpl.i.dfy.bpl(14534,5): anon0
boogies/Impl-JournalistImpl.i.dfy.bpl(14957,1): Error: a postcondition could not be proved on this return path
boogies/Impl-JournalistImpl.i.dfy.bpl(14480,3): Related location: this is the postcondition that could not be proved
Execution trace:
    boogies/Impl-JournalistImpl.i.dfy.bpl(14534,5): anon0
[2/15] timeout 60s dotnet tool run boogie boogies/Impl-JournalistParsingImpl....t.delay_units=true && touch boogies/Impl-JournalistParsingImpl.i.dfy.bpl.done
FAILED: boogies/Impl-JournalistParsingImpl.i.dfy.bpl.done 
timeout 60s dotnet tool run boogie boogies/Impl-JournalistParsingImpl.i.dfy.bpl /proverLog:pruned_new/@FILE@.@PROC@.smt2  /timeLimit:1 /prune /proverOpt:O:auto_config=false /proverOpt:O:type_check=true /proverOpt:O:smt.case_split=3 /proverOpt:O:smt.qi.eager_threshold=100 /proverOpt:O:smt.delay_units=true && touch boogies/Impl-JournalistParsingImpl.i.dfy.bpl.done
boogies/Impl-JournalistParsingImpl.i.dfy.bpl(8685,9): Error: this assertion could not be proved
Execution trace:
    boogies/Impl-JournalistParsingImpl.i.dfy.bpl(8400,5): anon0
    boogies/Impl-JournalistParsingImpl.i.dfy.bpl(8615,5): anon35_Else
    boogies/Impl-JournalistParsingImpl.i.dfy.bpl(8667,29): anon37_Then
boogies/Impl-JournalistParsingImpl.i.dfy.bpl(9767,9): Error: this assertion could not be proved
Execution trace:
    boogies/Impl-JournalistParsingImpl.i.dfy.bpl(9493,5): anon0
    boogies/Impl-JournalistParsingImpl.i.dfy.bpl(9751,19): anon20_Then
[3/15] timeout 60s dotnet tool run boogie boogies/lib-Buckets-PackedStringArr...elay_units=true && touch boogies/lib-Buckets-PackedStringArray.i.dfy.bpl.done
FAILED: boogies/lib-Buckets-PackedStringArray.i.dfy.bpl.done 
timeout 60s dotnet tool run boogie boogies/lib-Buckets-PackedStringArray.i.dfy.bpl /proverLog:pruned_new/@FILE@.@PROC@.smt2  /timeLimit:1 /prune /proverOpt:O:auto_config=false /proverOpt:O:type_check=true /proverOpt:O:smt.case_split=3 /proverOpt:O:smt.qi.eager_threshold=100 /proverOpt:O:smt.delay_units=true && touch boogies/lib-Buckets-PackedStringArray.i.dfy.bpl.done
boogies/lib-Buckets-PackedStringArray.i.dfy.bpl(6638,5): Error: this assertion could not be proved
Execution trace:
    boogies/lib-Buckets-PackedStringArray.i.dfy.bpl(6280,5): anon0
boogies/lib-Buckets-PackedStringArray.i.dfy.bpl(7113,5): Error: a postcondition could not be proved on this return path
boogies/lib-Buckets-PackedStringArray.i.dfy.bpl(6752,3): Related location: this is the postcondition that could not be proved
Execution trace:
    boogies/lib-Buckets-PackedStringArray.i.dfy.bpl(6774,5): anon0
    boogies/lib-Buckets-PackedStringArray.i.dfy.bpl(7095,9): anon3_Else
boogies/lib-Buckets-PackedStringArray.i.dfy.bpl(8134,13): Error: this assertion could not be proved
Execution trace:
    boogies/lib-Buckets-PackedStringArray.i.dfy.bpl(7737,18): anon0
    boogies/lib-Buckets-PackedStringArray.i.dfy.bpl(8069,17): anon7_Else
    boogies/lib-Buckets-PackedStringArray.i.dfy.bpl(8130,26): anon8_Then
boogies/lib-Buckets-PackedStringArray.i.dfy.bpl(8192,13): Error: this assertion could not be proved
Execution trace:
    boogies/lib-Buckets-PackedStringArray.i.dfy.bpl(7737,18): anon0
    boogies/lib-Buckets-PackedStringArray.i.dfy.bpl(8069,17): anon7_Else
    boogies/lib-Buckets-PackedStringArray.i.dfy.bpl(8130,26): anon8_Then
    boogies/lib-Buckets-PackedStringArray.i.dfy.bpl(8141,13): anon9_Then
boogies/lib-Buckets-PackedStringArray.i.dfy.bpl(8206,13): Error: this assertion could not be proved
Execution trace:
    boogies/lib-Buckets-PackedStringArray.i.dfy.bpl(7737,18): anon0
    boogies/lib-Buckets-PackedStringArray.i.dfy.bpl(8069,17): anon7_Else
    boogies/lib-Buckets-PackedStringArray.i.dfy.bpl(8130,26): anon8_Then
    boogies/lib-Buckets-PackedStringArray.i.dfy.bpl(8141,13): anon9_Then
boogies/lib-Buckets-PackedStringArray.i.dfy.bpl(9112,5): Error: this assertion could not be proved
Execution trace:
    boogies/lib-Buckets-PackedStringArray.i.dfy.bpl(8793,5): anon0
boogies/lib-Buckets-PackedStringArray.i.dfy.bpl(9131,9): Error: this assertion could not be proved
Execution trace:
    boogies/lib-Buckets-PackedStringArray.i.dfy.bpl(8793,5): anon0
    boogies/lib-Buckets-PackedStringArray.i.dfy.bpl(9116,25): anon5_Then
    boogies/lib-Buckets-PackedStringArray.i.dfy.bpl(9128,25): anon6_Then
boogies/lib-Buckets-PackedStringArray.i.dfy.bpl(9134,9): Error: this assertion could not be proved
Execution trace:
    boogies/lib-Buckets-PackedStringArray.i.dfy.bpl(8793,5): anon0
    boogies/lib-Buckets-PackedStringArray.i.dfy.bpl(9116,25): anon5_Then
    boogies/lib-Buckets-PackedStringArray.i.dfy.bpl(9128,25): anon6_Then
boogies/lib-Buckets-PackedStringArray.i.dfy.bpl(9144,1): Error: a postcondition could not be proved on this return path
boogies/lib-Buckets-PackedStringArray.i.dfy.bpl(8756,3): Related location: this is the postcondition that could not be proved
Execution trace:
    boogies/lib-Buckets-PackedStringArray.i.dfy.bpl(8793,5): anon0
    boogies/lib-Buckets-PackedStringArray.i.dfy.bpl(9116,25): anon5_Then
    boogies/lib-Buckets-PackedStringArray.i.dfy.bpl(9128,25): anon6_Then
    boogies/lib-Buckets-PackedStringArray.i.dfy.bpl(9137,5): anon4
boogies/lib-Buckets-PackedStringArray.i.dfy.bpl(9631,5): Error: this assertion could not be proved
Execution trace:
    boogies/lib-Buckets-PackedStringArray.i.dfy.bpl(9170,5): anon0
boogies/lib-Buckets-PackedStringArray.i.dfy.bpl(9635,5): Error: this assertion could not be proved
Execution trace:
    boogies/lib-Buckets-PackedStringArray.i.dfy.bpl(9170,5): anon0
boogies/lib-Buckets-PackedStringArray.i.dfy.bpl(9641,5): Error: this assertion could not be proved
Execution trace:
    boogies/lib-Buckets-PackedStringArray.i.dfy.bpl(9170,5): anon0
[4/15] timeout 60s dotnet tool run boogie boogies/Impl-CommitterAppendImpl.i....smt.delay_units=true && touch boogies/Impl-CommitterAppendImpl.i.dfy.bpl.done
FAILED: boogies/Impl-CommitterAppendImpl.i.dfy.bpl.done 
timeout 60s dotnet tool run boogie boogies/Impl-CommitterAppendImpl.i.dfy.bpl /proverLog:pruned_new/@FILE@.@PROC@.smt2  /timeLimit:1 /prune /proverOpt:O:auto_config=false /proverOpt:O:type_check=true /proverOpt:O:smt.case_split=3 /proverOpt:O:smt.qi.eager_threshold=100 /proverOpt:O:smt.delay_units=true && touch boogies/Impl-CommitterAppendImpl.i.dfy.bpl.done
[5/15] timeout 60s dotnet tool run boogie boogies/lib-DataStructures-MutableB... && touch boogies/lib-DataStructures-MutableBtree.i.dfy_MutableBtree.bpl.done
FAILED: boogies/lib-DataStructures-MutableBtree.i.dfy_MutableBtree.bpl.done 
timeout 60s dotnet tool run boogie boogies/lib-DataStructures-MutableBtree.i.dfy_MutableBtree.bpl /proverLog:pruned_new/@FILE@.@PROC@.smt2  /timeLimit:1 /prune /proverOpt:O:auto_config=false /proverOpt:O:type_check=true /proverOpt:O:smt.case_split=3 /proverOpt:O:smt.qi.eager_threshold=100 /proverOpt:O:smt.delay_units=true && touch boogies/lib-DataStructures-MutableBtree.i.dfy_MutableBtree.bpl.done
boogies/lib-DataStructures-MutableBtree.i.dfy_MutableBtree.bpl(6669,5): Error: a postcondition could not be proved on this return path
boogies/lib-DataStructures-MutableBtree.i.dfy_MutableBtree.bpl(6224,3): Related location: this is the postcondition that could not be proved
Execution trace:
    boogies/lib-DataStructures-MutableBtree.i.dfy_MutableBtree.bpl(6249,18): anon0
    boogies/lib-DataStructures-MutableBtree.i.dfy_MutableBtree.bpl(6614,17): anon9_Else
    boogies/lib-DataStructures-MutableBtree.i.dfy_MutableBtree.bpl(6619,13): anon11_Then
    boogies/lib-DataStructures-MutableBtree.i.dfy_MutableBtree.bpl(6666,9): anon8
boogies/lib-DataStructures-MutableBtree.i.dfy_MutableBtree.bpl(8028,26): Verification of 'CheckWellformed$$MutableBtree.__default.SeqRepr' timed out after 1 seconds
boogies/lib-DataStructures-MutableBtree.i.dfy_MutableBtree.bpl(17264,37): Verification of 'Impl$$MutableBtree.__default.IOfChild' timed out after 1 seconds
boogies/lib-DataStructures-MutableBtree.i.dfy_MutableBtree.bpl(22010,5): Error: a precondition for this call could not be proved
boogies/lib-DataStructures-MutableBtree.i.dfy_MutableBtree.bpl(124626,3): Related location: this is the precondition that could not be proved
Execution trace:
    boogies/lib-DataStructures-MutableBtree.i.dfy_MutableBtree.bpl(21668,5): anon0
boogies/lib-DataStructures-MutableBtree.i.dfy_MutableBtree.bpl(23512,5): Error: a precondition for this call could not be proved
boogies/lib-DataStructures-MutableBtree.i.dfy_MutableBtree.bpl(124626,3): Related location: this is the precondition that could not be proved
Execution trace:
    boogies/lib-DataStructures-MutableBtree.i.dfy_MutableBtree.bpl(23157,5): anon0
boogies/lib-DataStructures-MutableBtree.i.dfy_MutableBtree.bpl(33729,16): Verification of 'Impl$$MutableBtree.__default.MaxKeyInternal' timed out after 1 seconds
[6/15] timeout 60s dotnet tool run boogie boogies/Impl-NodeImpl.i.dfy.bpl /pr...roverOpt:O:smt.delay_units=true && touch boogies/Impl-NodeImpl.i.dfy.bpl.done
FAILED: boogies/Impl-NodeImpl.i.dfy.bpl.done 
timeout 60s dotnet tool run boogie boogies/Impl-NodeImpl.i.dfy.bpl /proverLog:pruned_new/@FILE@.@PROC@.smt2  /timeLimit:1 /prune /proverOpt:O:auto_config=false /proverOpt:O:type_check=true /proverOpt:O:smt.case_split=3 /proverOpt:O:smt.qi.eager_threshold=100 /proverOpt:O:smt.delay_units=true && touch boogies/Impl-NodeImpl.i.dfy.bpl.done
boogies/Impl-NodeImpl.i.dfy.bpl(13107,16): Verification of 'Impl$$NodeImpl.Node.__ctor' timed out after 1 seconds
boogies/Impl-NodeImpl.i.dfy.bpl(21631,13): Error: this assertion could not be proved
Execution trace:
    boogies/Impl-NodeImpl.i.dfy.bpl(20474,5): anon0
    boogies/Impl-NodeImpl.i.dfy.bpl(21538,5): anon10_LoopHead
    boogies/Impl-NodeImpl.i.dfy.bpl(21603,9): anon10_LoopBody
    boogies/Impl-NodeImpl.i.dfy.bpl(21606,29): anon11_Then
boogies/Impl-NodeImpl.i.dfy.bpl(21637,9): Error: this assertion could not be proved
Execution trace:
    boogies/Impl-NodeImpl.i.dfy.bpl(20474,5): anon0
    boogies/Impl-NodeImpl.i.dfy.bpl(21538,5): anon10_LoopHead
    boogies/Impl-NodeImpl.i.dfy.bpl(21603,9): anon10_LoopBody
    boogies/Impl-NodeImpl.i.dfy.bpl(21604,9): anon11_Else
boogies/Impl-NodeImpl.i.dfy.bpl(23277,16): Verification of 'Impl$$NodeImpl.Node.UpdateSlot' timed out after 1 seconds
[7/15] timeout 60s dotnet tool run boogie boogies/Impl-CommitterCommitImpl.i....smt.delay_units=true && touch boogies/Impl-CommitterCommitImpl.i.dfy.bpl.done
FAILED: boogies/Impl-CommitterCommitImpl.i.dfy.bpl.done 
timeout 60s dotnet tool run boogie boogies/Impl-CommitterCommitImpl.i.dfy.bpl /proverLog:pruned_new/@FILE@.@PROC@.smt2  /timeLimit:1 /prune /proverOpt:O:auto_config=false /proverOpt:O:type_check=true /proverOpt:O:smt.case_split=3 /proverOpt:O:smt.qi.eager_threshold=100 /proverOpt:O:smt.delay_units=true && touch boogies/Impl-CommitterCommitImpl.i.dfy.bpl.done
boogies/Impl-CommitterCommitImpl.i.dfy.bpl(13144,16): Verification of 'Impl$$CommitterCommitImpl.__default.SyncReqs2to1' timed out after 1 seconds
boogies/Impl-CommitterCommitImpl.i.dfy.bpl(15993,16): Verification of 'Impl$$CommitterCommitImpl.__default.SyncReqs3to2' timed out after 1 seconds
boogies/Impl-CommitterCommitImpl.i.dfy.bpl(19235,5): Error: this assertion could not be proved
Execution trace:
    boogies/Impl-CommitterCommitImpl.i.dfy.bpl(17702,5): anon0
    boogies/Impl-CommitterCommitImpl.i.dfy.bpl(18846,9): anon9_Then
    boogies/Impl-CommitterCommitImpl.i.dfy.bpl(19135,5): anon3
    boogies/Impl-CommitterCommitImpl.i.dfy.bpl(19168,9): anon10_Else
    boogies/Impl-CommitterCommitImpl.i.dfy.bpl(19173,5): anon8
boogies/Impl-CommitterCommitImpl.i.dfy.bpl(19563,16): Verification of 'Impl$$CommitterCommitImpl.__default.WriteOutJournal' timed out after 1 seconds
boogies/Impl-CommitterCommitImpl.i.dfy.bpl(22513,5): Error: this assertion could not be proved
Execution trace:
    boogies/Impl-CommitterCommitImpl.i.dfy.bpl(21289,5): anon0
boogies/Impl-CommitterCommitImpl.i.dfy.bpl(23048,16): Verification of 'Impl$$CommitterCommitImpl.__default.writeOutSuperblockAdvanceLog' timed out after 1 seconds
boogies/Impl-CommitterCommitImpl.i.dfy.bpl(25671,5): Error: this assertion could not be proved
Execution trace:
    boogies/Impl-CommitterCommitImpl.i.dfy.bpl(24445,5): anon0
boogies/Impl-CommitterCommitImpl.i.dfy.bpl(27186,5): Error: this assertion could not be proved
Execution trace:
    boogies/Impl-CommitterCommitImpl.i.dfy.bpl(25992,5): anon0
boogies/Impl-CommitterCommitImpl.i.dfy.bpl(27225,5): Error: this assertion could not be proved
Execution trace:
    boogies/Impl-CommitterCommitImpl.i.dfy.bpl(25992,5): anon0
boogies/Impl-CommitterCommitImpl.i.dfy.bpl(27238,5): Error: this assertion could not be proved
Execution trace:
    boogies/Impl-CommitterCommitImpl.i.dfy.bpl(25992,5): anon0
boogies/Impl-CommitterCommitImpl.i.dfy.bpl(27245,5): Error: this assertion could not be proved
Execution trace:
    boogies/Impl-CommitterCommitImpl.i.dfy.bpl(25992,5): anon0
boogies/Impl-CommitterCommitImpl.i.dfy.bpl(28834,16): Verification of 'Impl$$CommitterCommitImpl.__default.freeze' timed out after 1 seconds
[8/15] timeout 60s dotnet tool run boogie boogies/Impl-MarshallingImpl.i.dfy....t:O:smt.delay_units=true && touch boogies/Impl-MarshallingImpl.i.dfy.bpl.done
FAILED: boogies/Impl-MarshallingImpl.i.dfy.bpl.done 
timeout 60s dotnet tool run boogie boogies/Impl-MarshallingImpl.i.dfy.bpl /proverLog:pruned_new/@FILE@.@PROC@.smt2  /timeLimit:1 /prune /proverOpt:O:auto_config=false /proverOpt:O:type_check=true /proverOpt:O:smt.case_split=3 /proverOpt:O:smt.qi.eager_threshold=100 /proverOpt:O:smt.delay_units=true && touch boogies/Impl-MarshallingImpl.i.dfy.bpl.done
[9/15] timeout 60s dotnet tool run boogie boogies/lib-Base-Arrays.i.dfy.bpl /...verOpt:O:smt.delay_units=true && touch boogies/lib-Base-Arrays.i.dfy.bpl.done
FAILED: boogies/lib-Base-Arrays.i.dfy.bpl.done 
timeout 60s dotnet tool run boogie boogies/lib-Base-Arrays.i.dfy.bpl /proverLog:pruned_new/@FILE@.@PROC@.smt2  /timeLimit:1 /prune /proverOpt:O:auto_config=false /proverOpt:O:type_check=true /proverOpt:O:smt.case_split=3 /proverOpt:O:smt.qi.eager_threshold=100 /proverOpt:O:smt.delay_units=true && touch boogies/lib-Base-Arrays.i.dfy.bpl.done
boogies/lib-Base-Arrays.i.dfy.bpl(4890,5): Error: this assertion could not be proved
Execution trace:
    boogies/lib-Base-Arrays.i.dfy.bpl(4767,5): anon0
    boogies/lib-Base-Arrays.i.dfy.bpl(4860,9): anon7_Then
    boogies/lib-Base-Arrays.i.dfy.bpl(4865,9): anon8_Then
    boogies/lib-Base-Arrays.i.dfy.bpl(4869,5): anon4
    boogies/lib-Base-Arrays.i.dfy.bpl(4876,5): anon9_Then
    boogies/lib-Base-Arrays.i.dfy.bpl(4878,5): anon6
[10/15] timeout 60s dotnet tool run boogie boogies/Impl-BucketGeneratorImpl.i...smt.delay_units=true && touch boogies/Impl-BucketGeneratorImpl.i.dfy.bpl.done
FAILED: boogies/Impl-BucketGeneratorImpl.i.dfy.bpl.done 
timeout 60s dotnet tool run boogie boogies/Impl-BucketGeneratorImpl.i.dfy.bpl /proverLog:pruned_new/@FILE@.@PROC@.smt2  /timeLimit:1 /prune /proverOpt:O:auto_config=false /proverOpt:O:type_check=true /proverOpt:O:smt.case_split=3 /proverOpt:O:smt.qi.eager_threshold=100 /proverOpt:O:smt.delay_units=true && touch boogies/Impl-BucketGeneratorImpl.i.dfy.bpl.done
boogies/Impl-BucketGeneratorImpl.i.dfy.bpl(18536,16): Verification of 'Impl$$BucketGeneratorImpl.Generator.GenPop' timed out after 1 seconds
boogies/Impl-BucketGeneratorImpl.i.dfy.bpl(20670,16): Verification of 'Impl$$BucketGeneratorImpl.Generator.GenCompose' timed out after 1 seconds
[11/15] timeout 60s dotnet tool run boogie boogies/lib-DataStructures-KMBtree...units=true && touch boogies/lib-DataStructures-KMBtree.i.dfy_KMBtree.bpl.done
FAILED: boogies/lib-DataStructures-KMBtree.i.dfy_KMBtree.bpl.done 
timeout 60s dotnet tool run boogie boogies/lib-DataStructures-KMBtree.i.dfy_KMBtree.bpl /proverLog:pruned_new/@FILE@.@PROC@.smt2  /timeLimit:1 /prune /proverOpt:O:auto_config=false /proverOpt:O:type_check=true /proverOpt:O:smt.case_split=3 /proverOpt:O:smt.qi.eager_threshold=100 /proverOpt:O:smt.delay_units=true && touch boogies/lib-DataStructures-KMBtree.i.dfy_KMBtree.bpl.done
boogies/lib-DataStructures-KMBtree.i.dfy_KMBtree.bpl(5328,5): Error: a postcondition could not be proved on this return path
boogies/lib-DataStructures-KMBtree.i.dfy_KMBtree.bpl(4971,3): Related location: this is the postcondition that could not be proved
Execution trace:
    boogies/lib-DataStructures-KMBtree.i.dfy_KMBtree.bpl(4996,5): anon0
    boogies/lib-DataStructures-KMBtree.i.dfy_KMBtree.bpl(5320,17): anon5_Else
boogies/lib-DataStructures-KMBtree.i.dfy_KMBtree.bpl(5714,5): Error: a postcondition could not be proved on this return path
boogies/lib-DataStructures-KMBtree.i.dfy_KMBtree.bpl(5370,3): Related location: this is the postcondition that could not be proved
Execution trace:
    boogies/lib-DataStructures-KMBtree.i.dfy_KMBtree.bpl(5382,5): anon0
    boogies/lib-DataStructures-KMBtree.i.dfy_KMBtree.bpl(5706,17): anon5_Else
boogies/lib-DataStructures-KMBtree.i.dfy_KMBtree.bpl(14012,16): Verification of 'Impl$$KMBtree.__default.QueryIndex' timed out after 1 seconds
[12/15] timeout 60s dotnet tool run boogie boogies/lib-DataStructures-Mutable...touch boogies/lib-DataStructures-MutableBtree.i.dfy_TestMutableBtree.bpl.done
FAILED: boogies/lib-DataStructures-MutableBtree.i.dfy_TestMutableBtree.bpl.done 
timeout 60s dotnet tool run boogie boogies/lib-DataStructures-MutableBtree.i.dfy_TestMutableBtree.bpl /proverLog:pruned_new/@FILE@.@PROC@.smt2  /timeLimit:1 /prune /proverOpt:O:auto_config=false /proverOpt:O:type_check=true /proverOpt:O:smt.case_split=3 /proverOpt:O:smt.qi.eager_threshold=100 /proverOpt:O:smt.delay_units=true && touch boogies/lib-DataStructures-MutableBtree.i.dfy_TestMutableBtree.bpl.done
boogies/lib-DataStructures-MutableBtree.i.dfy_TestMutableBtree.bpl(5333,5): Error: a postcondition could not be proved on this return path
boogies/lib-DataStructures-MutableBtree.i.dfy_TestMutableBtree.bpl(4975,3): Related location: this is the postcondition that could not be proved
Execution trace:
    boogies/lib-DataStructures-MutableBtree.i.dfy_TestMutableBtree.bpl(5000,5): anon0
    boogies/lib-DataStructures-MutableBtree.i.dfy_TestMutableBtree.bpl(5325,17): anon5_Else
boogies/lib-DataStructures-MutableBtree.i.dfy_TestMutableBtree.bpl(5720,5): Error: a postcondition could not be proved on this return path
boogies/lib-DataStructures-MutableBtree.i.dfy_TestMutableBtree.bpl(5375,3): Related location: this is the postcondition that could not be proved
Execution trace:
    boogies/lib-DataStructures-MutableBtree.i.dfy_TestMutableBtree.bpl(5387,5): anon0
    boogies/lib-DataStructures-MutableBtree.i.dfy_TestMutableBtree.bpl(5712,17): anon5_Else
boogies/lib-DataStructures-MutableBtree.i.dfy_TestMutableBtree.bpl(14493,16): Verification of 'Impl$$TestMutableBtree.__default.QueryIndex' timed out after 1 seconds
[13/15] timeout 60s dotnet tool run boogie boogies/Impl-IndirectionTableImpl....mt.delay_units=true && touch boogies/Impl-IndirectionTableImpl.i.dfy.bpl.done
FAILED: boogies/Impl-IndirectionTableImpl.i.dfy.bpl.done 
timeout 60s dotnet tool run boogie boogies/Impl-IndirectionTableImpl.i.dfy.bpl /proverLog:pruned_new/@FILE@.@PROC@.smt2  /timeLimit:1 /prune /proverOpt:O:auto_config=false /proverOpt:O:type_check=true /proverOpt:O:smt.case_split=3 /proverOpt:O:smt.qi.eager_threshold=100 /proverOpt:O:smt.delay_units=true && touch boogies/Impl-IndirectionTableImpl.i.dfy.bpl.done
boogies/Impl-IndirectionTableImpl.i.dfy.bpl(16780,5): Error: a postcondition could not be proved on this return path
boogies/Impl-IndirectionTableImpl.i.dfy.bpl(15534,3): Related location: this is the postcondition that could not be proved
Execution trace:
    boogies/Impl-IndirectionTableImpl.i.dfy.bpl(15560,18): anon0
    boogies/Impl-IndirectionTableImpl.i.dfy.bpl(16647,17): anon6_Else
    boogies/Impl-IndirectionTableImpl.i.dfy.bpl(16684,9): anon7_Else
    boogies/Impl-IndirectionTableImpl.i.dfy.bpl(16686,22): anon5
[14/15] timeout 60s dotnet tool run boogie boogies/Impl-HandleWriteResponseIm...delay_units=true && touch boogies/Impl-HandleWriteResponseImpl.i.dfy.bpl.done
FAILED: boogies/Impl-HandleWriteResponseImpl.i.dfy.bpl.done 
timeout 60s dotnet tool run boogie boogies/Impl-HandleWriteResponseImpl.i.dfy.bpl /proverLog:pruned_new/@FILE@.@PROC@.smt2  /timeLimit:1 /prune /proverOpt:O:auto_config=false /proverOpt:O:type_check=true /proverOpt:O:smt.case_split=3 /proverOpt:O:smt.qi.eager_threshold=100 /proverOpt:O:smt.delay_units=true && touch boogies/Impl-HandleWriteResponseImpl.i.dfy.bpl.done
[15/15] timeout 60s dotnet tool run boogie boogies/lib-Buckets-PackedKV.i.dfy...ay_units=true && touch boogies/lib-Buckets-PackedKV.i.dfy_DynamicPkv.bpl.done
FAILED: boogies/lib-Buckets-PackedKV.i.dfy_DynamicPkv.bpl.done 
timeout 60s dotnet tool run boogie boogies/lib-Buckets-PackedKV.i.dfy_DynamicPkv.bpl /proverLog:pruned_new/@FILE@.@PROC@.smt2  /timeLimit:1 /prune /proverOpt:O:auto_config=false /proverOpt:O:type_check=true /proverOpt:O:smt.case_split=3 /proverOpt:O:smt.qi.eager_threshold=100 /proverOpt:O:smt.delay_units=true && touch boogies/lib-Buckets-PackedKV.i.dfy_DynamicPkv.bpl.done
boogies/lib-Buckets-PackedKV.i.dfy_DynamicPkv.bpl(18539,5): Error: a precondition for this call could not be proved
boogies/lib-Buckets-PackedKV.i.dfy_DynamicPkv.bpl(14930,3): Related location: this is the precondition that could not be proved
Execution trace:
    boogies/lib-Buckets-PackedKV.i.dfy_DynamicPkv.bpl(17779,5): anon0
boogies/lib-Buckets-PackedKV.i.dfy_DynamicPkv.bpl(18919,17): Error: this assertion could not be proved
Execution trace:
    boogies/lib-Buckets-PackedKV.i.dfy_DynamicPkv.bpl(17779,5): anon0
    boogies/lib-Buckets-PackedKV.i.dfy_DynamicPkv.bpl(18634,9): anon13_Then
    boogies/lib-Buckets-PackedKV.i.dfy_DynamicPkv.bpl(18902,13): anon14_Then
    boogies/lib-Buckets-PackedKV.i.dfy_DynamicPkv.bpl(18906,13): anon15_Then
    boogies/lib-Buckets-PackedKV.i.dfy_DynamicPkv.bpl(18908,13): anon5
    boogies/lib-Buckets-PackedKV.i.dfy_DynamicPkv.bpl(18915,17): anon16_Then
boogies/lib-Buckets-PackedKV.i.dfy_DynamicPkv.bpl(18929,17): Error: this assertion could not be proved
Execution trace:
    boogies/lib-Buckets-PackedKV.i.dfy_DynamicPkv.bpl(17779,5): anon0
    boogies/lib-Buckets-PackedKV.i.dfy_DynamicPkv.bpl(18634,9): anon13_Then
    boogies/lib-Buckets-PackedKV.i.dfy_DynamicPkv.bpl(18902,13): anon14_Then
    boogies/lib-Buckets-PackedKV.i.dfy_DynamicPkv.bpl(18906,13): anon15_Then
    boogies/lib-Buckets-PackedKV.i.dfy_DynamicPkv.bpl(18908,13): anon5
    boogies/lib-Buckets-PackedKV.i.dfy_DynamicPkv.bpl(18925,17): anon16_Else
boogies/lib-Buckets-PackedKV.i.dfy_DynamicPkv.bpl(19033,9): Error: this assertion could not be proved
Execution trace:
    boogies/lib-Buckets-PackedKV.i.dfy_DynamicPkv.bpl(17779,5): anon0
    boogies/lib-Buckets-PackedKV.i.dfy_DynamicPkv.bpl(18634,9): anon13_Then
    boogies/lib-Buckets-PackedKV.i.dfy_DynamicPkv.bpl(18939,13): anon14_Else
boogies/lib-Buckets-PackedKV.i.dfy_DynamicPkv.bpl(20060,5): Error: this assertion could not be proved
Execution trace:
    boogies/lib-Buckets-PackedKV.i.dfy_DynamicPkv.bpl(19103,5): anon0
    boogies/lib-Buckets-PackedKV.i.dfy_DynamicPkv.bpl(19641,5): anon5_Then
    boogies/lib-Buckets-PackedKV.i.dfy_DynamicPkv.bpl(19645,17): anon6_Then
    boogies/lib-Buckets-PackedKV.i.dfy_DynamicPkv.bpl(19753,5): anon4
boogies/lib-Buckets-PackedKV.i.dfy_DynamicPkv.bpl(21579,16): Verification of 'Impl$$DynamicPkv.DynamicPkv.AppendPkv' timed out after 1 seconds
ninja: build stopped: cannot make progress due to previous errors.
